<?xml version="1.0" encoding="UTF-8"?>
<testsuite xmlns:xsi="http://www.w3.org/2001/XMLSchema-instance" xsi:noNamespaceSchemaLocation="https://maven.apache.org/surefire/maven-surefire-plugin/xsd/surefire-test-report-3.0.xsd" version="3.0" name="runner.TestRunner" time="0.38" tests="36" errors="0" skipped="36" failures="0">
  <properties>
[...]
</properties>
  <testcase name="Desafio 1" classname="EMPTY_NAME" time="0">
    <skipped message="The step &quot;que configurei ambiente para acessar URL chrome&quot; is undefined"/>
    <system-out><![CDATA[Funcionalidade: 
  Eu, enquanto candito a vaga de QA da 4All
  Preciso automatizar o teste proposto para vaga
  Para garantir aprova??o no processo seletivo.

  @4all
  Esquema do Cenario: Desafio 1 &amp#27;[90m# src/test/java/Feature/automacaoProvaBDD.feature:11&amp#27;[0m
    &amp#27;[36mDado que configurei ambiente para acessar URL <Tipo_Browser>&amp#27;[0m
    &amp#27;[36mQuando abri tela da prova 4all&amp#27;[0m
    &amp#27;[36mE Selecionar categoria Doces&amp#27;[0m
    &amp#27;[36mE Selecionar categoria Todos&amp#27;[0m
    &amp#27;[36mE Acessar o carrinho e aumentar em 4 brigadeiros&amp#27;[0m
    &amp#27;[36mE Clicar em finalizar compra&amp#27;[0m
    &amp#27;[36mE Clicar no bot?o Fechar&amp#27;[0m
    &amp#27;[36mEntao Fecha o Browser&amp#27;[0m

    Exemplos: 

  @4all
  Esquema do Cenario: Desafio 1                          &amp#27;[90m# src/test/java/Feature/automacaoProvaBDD.feature:22&amp#27;[0m
    &amp#27;[33mDado &amp#27;[0m&amp#27;[33mque configurei ambiente para acessar URL chrome&amp#27;[0m &amp#27;[90m# null&amp#27;[0m
    &amp#27;[33mQuando &amp#27;[0m&amp#27;[33mabri tela da prova 4all&amp#27;[0m                       &amp#27;[90m# null&amp#27;[0m
    &amp#27;[33mE &amp#27;[0m&amp#27;[33mSelecionar categoria Doces&amp#27;[0m                         &amp#27;[90m# null&amp#27;[0m
    &amp#27;[33mE &amp#27;[0m&amp#27;[33mSelecionar categoria Todos&amp#27;[0m                         &amp#27;[90m# null&amp#27;[0m
    &amp#27;[33mE &amp#27;[0m&amp#27;[33mAcessar o carrinho e aumentar em 4 brigadeiros&amp#27;[0m     &amp#27;[90m# null&amp#27;[0m
    &amp#27;[33mE &amp#27;[0m&amp#27;[33mClicar em finalizar compra&amp#27;[0m                         &amp#27;[90m# null&amp#27;[0m
    &amp#27;[33mE &amp#27;[0m&amp#27;[33mClicar no bot?o Fechar&amp#27;[0m                             &amp#27;[90m# null&amp#27;[0m
    &amp#27;[33mEntao &amp#27;[0m&amp#27;[33mFecha o Browser&amp#27;[0m                                &amp#27;[90m# null&amp#27;[0m
]]></system-out>
  </testcase>
  <testcase name="Desafio 1" classname="EMPTY_NAME" time="0">
    <skipped message="The step &quot;abri tela da prova 4all&quot; is undefined"/>
  </testcase>
  <testcase name="Desafio 1" classname="EMPTY_NAME" time="0">
    <skipped message="The step &quot;Selecionar categoria Doces&quot; is undefined"/>
  </testcase>
  <testcase name="Desafio 1" classname="EMPTY_NAME" time="0">
    <skipped message="The step &quot;Selecionar categoria Todos&quot; is undefined"/>
  </testcase>
  <testcase name="Desafio 1" classname="EMPTY_NAME" time="0">
    <skipped message="The step &quot;Acessar o carrinho e aumentar em 4 brigadeiros&quot; is undefined"/>
  </testcase>
  <testcase name="Desafio 1" classname="EMPTY_NAME" time="0">
    <skipped message="The step &quot;Clicar em finalizar compra&quot; is undefined"/>
  </testcase>
  <testcase name="Desafio 1" classname="EMPTY_NAME" time="0">
    <skipped message="The step &quot;Clicar no bot�o Fechar&quot; is undefined"/>
  </testcase>
  <testcase name="Desafio 1" classname="EMPTY_NAME" time="0">
    <skipped message="The step &quot;Fecha o Browser&quot; is undefined"/>
  </testcase>
  <testcase name="Desafio 1" classname="EMPTY_NAME" time="0">
    <skipped message="The step &quot;que configurei ambiente para acessar URL firefox&quot; is undefined"/>
    <system-out><![CDATA[
  @4all
  Esquema do Cenario: Desafio 1                           &amp#27;[90m# src/test/java/Feature/automacaoProvaBDD.feature:23&amp#27;[0m
    &amp#27;[33mDado &amp#27;[0m&amp#27;[33mque configurei ambiente para acessar URL firefox&amp#27;[0m &amp#27;[90m# null&amp#27;[0m
    &amp#27;[33mQuando &amp#27;[0m&amp#27;[33mabri tela da prova 4all&amp#27;[0m                        &amp#27;[90m# null&amp#27;[0m
    &amp#27;[33mE &amp#27;[0m&amp#27;[33mSelecionar categoria Doces&amp#27;[0m                          &amp#27;[90m# null&amp#27;[0m
    &amp#27;[33mE &amp#27;[0m&amp#27;[33mSelecionar categoria Todos&amp#27;[0m                          &amp#27;[90m# null&amp#27;[0m
    &amp#27;[33mE &amp#27;[0m&amp#27;[33mAcessar o carrinho e aumentar em 4 brigadeiros&amp#27;[0m      &amp#27;[90m# null&amp#27;[0m
    &amp#27;[33mE &amp#27;[0m&amp#27;[33mClicar em finalizar compra&amp#27;[0m                          &amp#27;[90m# null&amp#27;[0m
    &amp#27;[33mE &amp#27;[0m&amp#27;[33mClicar no bot?o Fechar&amp#27;[0m                              &amp#27;[90m# null&amp#27;[0m
    &amp#27;[33mEntao &amp#27;[0m&amp#27;[33mFecha o Browser&amp#27;[0m                                 &amp#27;[90m# null&amp#27;[0m
]]></system-out>
  </testcase>
  <testcase name="Desafio 1" classname="EMPTY_NAME" time="0">
    <skipped message="The step &quot;abri tela da prova 4all&quot; is undefined"/>
  </testcase>
  <testcase name="Desafio 1" classname="EMPTY_NAME" time="0">
    <skipped message="The step &quot;Selecionar categoria Doces&quot; is undefined"/>
  </testcase>
  <testcase name="Desafio 1" classname="EMPTY_NAME" time="0">
    <skipped message="The step &quot;Selecionar categoria Todos&quot; is undefined"/>
  </testcase>
  <testcase name="Desafio 1" classname="EMPTY_NAME" time="0">
    <skipped message="The step &quot;Acessar o carrinho e aumentar em 4 brigadeiros&quot; is undefined"/>
  </testcase>
  <testcase name="Desafio 1" classname="EMPTY_NAME" time="0">
    <skipped message="The step &quot;Clicar em finalizar compra&quot; is undefined"/>
  </testcase>
  <testcase name="Desafio 1" classname="EMPTY_NAME" time="0">
    <skipped message="The step &quot;Clicar no bot�o Fechar&quot; is undefined"/>
  </testcase>
  <testcase name="Desafio 1" classname="EMPTY_NAME" time="0">
    <skipped message="The step &quot;Fecha o Browser&quot; is undefined"/>
  </testcase>
  <testcase name="Desafio 2" classname="EMPTY_NAME" time="0">
    <skipped message="The step &quot;que configurei ambiente para acessar URL chrome&quot; is undefined"/>
    <system-out><![CDATA[
  @4all
  Esquema do Cenario: Desafio 2 &amp#27;[90m# src/test/java/Feature/automacaoProvaBDD.feature:26&amp#27;[0m
    &amp#27;[36mDado que configurei ambiente para acessar URL <Tipo_Browser>&amp#27;[0m
    &amp#27;[36mQuando abri tela da prova 4all&amp#27;[0m
    &amp#27;[36mE Selecionar categoria Bebidas&amp#27;[0m
    &amp#27;[36mE Selecionar categoria Todos&amp#27;[0m
    &amp#27;[36mE Acidionar Rissole ao carrinho&amp#27;[0m
    &amp#27;[36mE Acessar o carrinho e aumentar 9 rissoles e diminuir 5&amp#27;[0m
    &amp#27;[36mE Validar o pre?o total&amp#27;[0m
    &amp#27;[36mE Clicar em finalizar compra&amp#27;[0m
    &amp#27;[36mE Clicar no bot?o Fechar&amp#27;[0m
    &amp#27;[36mEntao Fecha o Browser&amp#27;[0m

    Exemplos: 

  @4all
  Esquema do Cenario: Desafio 2                             &amp#27;[90m# src/test/java/Feature/automacaoProvaBDD.feature:39&amp#27;[0m
    &amp#27;[33mDado &amp#27;[0m&amp#27;[33mque configurei ambiente para acessar URL chrome&amp#27;[0m    &amp#27;[90m# null&amp#27;[0m
    &amp#27;[33mQuando &amp#27;[0m&amp#27;[33mabri tela da prova 4all&amp#27;[0m                          &amp#27;[90m# null&amp#27;[0m
    &amp#27;[33mE &amp#27;[0m&amp#27;[33mSelecionar categoria Bebidas&amp#27;[0m                          &amp#27;[90m# null&amp#27;[0m
    &amp#27;[33mE &amp#27;[0m&amp#27;[33mSelecionar categoria Todos&amp#27;[0m                            &amp#27;[90m# null&amp#27;[0m
    &amp#27;[33mE &amp#27;[0m&amp#27;[33mAcidionar Rissole ao carrinho&amp#27;[0m                         &amp#27;[90m# null&amp#27;[0m
    &amp#27;[33mE &amp#27;[0m&amp#27;[33mAcessar o carrinho e aumentar 9 rissoles e diminuir 5&amp#27;[0m &amp#27;[90m# null&amp#27;[0m
    &amp#27;[33mE &amp#27;[0m&amp#27;[33mValidar o pre?o total&amp#27;[0m                                 &amp#27;[90m# null&amp#27;[0m
    &amp#27;[33mE &amp#27;[0m&amp#27;[33mClicar em finalizar compra&amp#27;[0m                            &amp#27;[90m# null&amp#27;[0m
    &amp#27;[33mE &amp#27;[0m&amp#27;[33mClicar no bot?o Fechar&amp#27;[0m                                &amp#27;[90m# null&amp#27;[0m
    &amp#27;[33mEntao &amp#27;[0m&amp#27;[33mFecha o Browser&amp#27;[0m                                   &amp#27;[90m# null&amp#27;[0m
]]></system-out>
  </testcase>
  <testcase name="Desafio 2" classname="EMPTY_NAME" time="0">
    <skipped message="The step &quot;abri tela da prova 4all&quot; is undefined"/>
  </testcase>
  <testcase name="Desafio 2" classname="EMPTY_NAME" time="0">
    <skipped message="The step &quot;Selecionar categoria Bebidas&quot; is undefined"/>
  </testcase>
  <testcase name="Desafio 2" classname="EMPTY_NAME" time="0">
    <skipped message="The step &quot;Selecionar categoria Todos&quot; is undefined"/>
  </testcase>
  <testcase name="Desafio 2" classname="EMPTY_NAME" time="0">
    <skipped message="The step &quot;Acidionar Rissole ao carrinho&quot; is undefined"/>
  </testcase>
  <testcase name="Desafio 2" classname="EMPTY_NAME" time="0">
    <skipped message="The step &quot;Acessar o carrinho e aumentar 9 rissoles e diminuir 5&quot; is undefined"/>
  </testcase>
  <testcase name="Desafio 2" classname="EMPTY_NAME" time="0">
    <skipped message="The step &quot;Validar o pre�o total&quot; is undefined"/>
  </testcase>
  <testcase name="Desafio 2" classname="EMPTY_NAME" time="0">
    <skipped message="The step &quot;Clicar em finalizar compra&quot; is undefined"/>
  </testcase>
  <testcase name="Desafio 2" classname="EMPTY_NAME" time="0">
    <skipped message="The step &quot;Clicar no bot�o Fechar&quot; is undefined"/>
  </testcase>
  <testcase name="Desafio 2" classname="EMPTY_NAME" time="0">
    <skipped message="The step &quot;Fecha o Browser&quot; is undefined"/>
  </testcase>
  <testcase name="Desafio 2" classname="EMPTY_NAME" time="0">
    <skipped message="The step &quot;que configurei ambiente para acessar URL firefox&quot; is undefined"/>
    <system-out><![CDATA[
  @4all
  Esquema do Cenario: Desafio 2                             &amp#27;[90m# src/test/java/Feature/automacaoProvaBDD.feature:40&amp#27;[0m
    &amp#27;[33mDado &amp#27;[0m&amp#27;[33mque configurei ambiente para acessar URL firefox&amp#27;[0m   &amp#27;[90m# null&amp#27;[0m
    &amp#27;[33mQuando &amp#27;[0m&amp#27;[33mabri tela da prova 4all&amp#27;[0m                          &amp#27;[90m# null&amp#27;[0m
    &amp#27;[33mE &amp#27;[0m&amp#27;[33mSelecionar categoria Bebidas&amp#27;[0m                          &amp#27;[90m# null&amp#27;[0m
    &amp#27;[33mE &amp#27;[0m&amp#27;[33mSelecionar categoria Todos&amp#27;[0m                            &amp#27;[90m# null&amp#27;[0m
    &amp#27;[33mE &amp#27;[0m&amp#27;[33mAcidionar Rissole ao carrinho&amp#27;[0m                         &amp#27;[90m# null&amp#27;[0m
    &amp#27;[33mE &amp#27;[0m&amp#27;[33mAcessar o carrinho e aumentar 9 rissoles e diminuir 5&amp#27;[0m &amp#27;[90m# null&amp#27;[0m
    &amp#27;[33mE &amp#27;[0m&amp#27;[33mValidar o pre?o total&amp#27;[0m                                 &amp#27;[90m# null&amp#27;[0m
    &amp#27;[33mE &amp#27;[0m&amp#27;[33mClicar em finalizar compra&amp#27;[0m                            &amp#27;[90m# null&amp#27;[0m
    &amp#27;[33mE &amp#27;[0m&amp#27;[33mClicar no bot?o Fechar&amp#27;[0m                                &amp#27;[90m# null&amp#27;[0m
    &amp#27;[33mEntao &amp#27;[0m&amp#27;[33mFecha o Browser&amp#27;[0m                                   &amp#27;[90m# null&amp#27;[0m
]]></system-out>
  </testcase>
  <testcase name="Desafio 2" classname="EMPTY_NAME" time="0">
    <skipped message="The step &quot;abri tela da prova 4all&quot; is undefined"/>
  </testcase>
  <testcase name="Desafio 2" classname="EMPTY_NAME" time="0">
    <skipped message="The step &quot;Selecionar categoria Bebidas&quot; is undefined"/>
  </testcase>
  <testcase name="Desafio 2" classname="EMPTY_NAME" time="0">
    <skipped message="The step &quot;Selecionar categoria Todos&quot; is undefined"/>
  </testcase>
  <testcase name="Desafio 2" classname="EMPTY_NAME" time="0">
    <skipped message="The step &quot;Acidionar Rissole ao carrinho&quot; is undefined"/>
  </testcase>
  <testcase name="Desafio 2" classname="EMPTY_NAME" time="0">
    <skipped message="The step &quot;Acessar o carrinho e aumentar 9 rissoles e diminuir 5&quot; is undefined"/>
  </testcase>
  <testcase name="Desafio 2" classname="EMPTY_NAME" time="0">
    <skipped message="The step &quot;Validar o pre�o total&quot; is undefined"/>
  </testcase>
  <testcase name="Desafio 2" classname="EMPTY_NAME" time="0">
    <skipped message="The step &quot;Clicar em finalizar compra&quot; is undefined"/>
  </testcase>
  <testcase name="Desafio 2" classname="EMPTY_NAME" time="0">
    <skipped message="The step &quot;Clicar no bot�o Fechar&quot; is undefined"/>
  </testcase>
  <testcase name="Desafio 2" classname="EMPTY_NAME" time="0">
    <skipped message="The step &quot;Fecha o Browser&quot; is undefined"/>
  </testcase>
</testsuite>