<?xml version="1.0" encoding="UTF-8"?>
<testsuite xmlns:xsi="http://www.w3.org/2001/XMLSchema-instance" xsi:noNamespaceSchemaLocation="https://maven.apache.org/surefire/maven-surefire-plugin/xsd/surefire-test-report-3.0.xsd" version="3.0" name="runner.TestRunner" time="0.182" tests="1" errors="1" skipped="0" failures="0">
  <properties>
[...]
</properties>
  <testcase name="initializationError" classname="runner.TestRunner" time="0.003">
    <error message="Failed to parse resource at: file:src/test/java/Feature/automacaoProvaBDD.feature" type="cucumber.runtime.CucumberException">cucumber.runtime.CucumberException: Failed to parse resource at: file:src/test/java/Feature/automacaoProvaBDD.feature
Caused by: gherkin.ParserException$CompositeParserException: 
Parser errors:
(12:5): expected: #TagLine, #ScenarioLine, #ScenarioOutlineLine, #Comment, #Empty, got 'Cen�rio: Desafio 1'
(13:5): expected: #TagLine, #ScenarioLine, #ScenarioOutlineLine, #Comment, #Empty, got 'Dado     que configurei ambiente para acessar URL Chrome'
(14:5): expected: #TagLine, #ScenarioLine, #ScenarioOutlineLine, #Comment, #Empty, got 'Quando   abri tela do simulador de investimento'
(15:5): expected: #TagLine, #ScenarioLine, #ScenarioOutlineLine, #Comment, #Empty, got 'Ent�o    Retorna a tela com resultado'
(16:0): unexpected end of file, expected: #TagLine, #ScenarioLine, #ScenarioOutlineLine, #Comment, #Empty
</error>
  </testcase>
</testsuite>